<?xml version="1.0" encoding="UTF-8"?>
<!-- Generated by org.testng.reporters.JUnitReportReporter -->
<testsuite hostname="idiaz-VBUbuntu" name="com.stratio.ssandreta.test.SelectStatementTest" tests="1" failures="1" timestamp="4 Jun 2014 07:29:35 GMT" time="0.000" errors="0">
  <testcase name="simpleCassandraSelectTest" time="0.000" classname="com.stratio.ssandreta.test.SelectStatementTest">
    <failure type="java.lang.NoSuchMethodError" message="org.yaml.snakeyaml.constructor.Constructor.setPropertyUtils(Lorg/yaml/snakeyaml/introspector/PropertyUtils;)V">
      <![CDATA[java.lang.NoSuchMethodError: org.yaml.snakeyaml.constructor.Constructor.setPropertyUtils(Lorg/yaml/snakeyaml/introspector/PropertyUtils;)V
	at org.apache.cassandra.config.YamlConfigurationLoader.loadConfig(YamlConfigurationLoader.java:91)
	at org.apache.cassandra.config.DatabaseDescriptor.loadConfig(DatabaseDescriptor.java:135)
	at org.apache.cassandra.config.DatabaseDescriptor.<clinit>(DatabaseDescriptor.java:111)
	at com.stratio.ssandreta.CassandraServer.mkdirs(CassandraServer.java:174)
	at com.stratio.ssandreta.CassandraServer.cleanupAndLeaveDirs(CassandraServer.java:141)
	at com.stratio.ssandreta.CassandraServer.start(CassandraServer.java:86)
	at com.stratio.ssandreta.BaseMetaTest.setup(BaseMetaTest.java:15)
	at sun.reflect.NativeMethodAccessorImpl.invoke0(Native Method)
	at sun.reflect.NativeMethodAccessorImpl.invoke(NativeMethodAccessorImpl.java:57)
	at sun.reflect.DelegatingMethodAccessorImpl.invoke(DelegatingMethodAccessorImpl.java:43)
	at java.lang.reflect.Method.invoke(Method.java:606)
	at org.testng.internal.MethodInvocationHelper.invokeMethod(MethodInvocationHelper.java:84)
	at org.testng.internal.Invoker.invokeConfigurationMethod(Invoker.java:564)
	at org.testng.internal.Invoker.invokeConfigurations(Invoker.java:213)
	at org.testng.internal.Invoker.invokeConfigurations(Invoker.java:138)
	at org.testng.SuiteRunner.privateRun(SuiteRunner.java:277)
	at org.testng.SuiteRunner.run(SuiteRunner.java:240)
	at org.testng.SuiteRunnerWorker.runSuite(SuiteRunnerWorker.java:52)
	at org.testng.SuiteRunnerWorker.run(SuiteRunnerWorker.java:86)
	at org.testng.TestNG.runSuitesSequentially(TestNG.java:1224)
	at org.testng.TestNG.runSuitesLocally(TestNG.java:1149)
	at org.testng.TestNG.run(TestNG.java:1057)
	at org.testng.remote.RemoteTestNG.run(RemoteTestNG.java:111)
	at org.testng.remote.RemoteTestNG.initAndRun(RemoteTestNG.java:204)
	at org.testng.remote.RemoteTestNG.main(RemoteTestNG.java:175)
]]>
    </failure>
  </testcase> <!-- simpleCassandraSelectTest -->
</testsuite> <!-- com.stratio.ssandreta.test.SelectStatementTest -->
