<?xml version="1.0" encoding="UTF-8"?>
<!-- Generated by org.testng.reporters.JUnitReportReporter -->
<testsuite hostname="idiaz-VBUbuntu" name="com.stratio.ssandreta.test.CassandraResultSetTest" tests="3" failures="3" timestamp="3 Jun 2014 13:44:48 GMT" time="0.002" errors="0">
  <testcase name="testGetRows" time="0.001" classname="com.stratio.ssandreta.test.CassandraResultSetTest">
    <failure type="java.lang.NoSuchMethodError" message="org.yaml.snakeyaml.constructor.Constructor.setPropertyUtils(Lorg/yaml/snakeyaml/introspector/PropertyUtils;)V">
      <![CDATA[java.lang.NoSuchMethodError: org.yaml.snakeyaml.constructor.Constructor.setPropertyUtils(Lorg/yaml/snakeyaml/introspector/PropertyUtils;)V
	at org.apache.cassandra.config.YamlConfigurationLoader.loadConfig(YamlConfigurationLoader.java:91)
	at org.apache.cassandra.config.DatabaseDescriptor.loadConfig(DatabaseDescriptor.java:134)
	at org.apache.cassandra.config.DatabaseDescriptor.<clinit>(DatabaseDescriptor.java:110)
	at com.stratio.ssandreta.EmbeddedServerHelper.mkdirs(EmbeddedServerHelper.java:165)
	at com.stratio.ssandreta.EmbeddedServerHelper.cleanupAndLeaveDirs(EmbeddedServerHelper.java:135)
	at com.stratio.ssandreta.EmbeddedServerHelper.setup(EmbeddedServerHelper.java:63)
	at com.stratio.ssandreta.BaseMetaTest.setup(BaseMetaTest.java:20)
	at sun.reflect.NativeMethodAccessorImpl.invoke0(Native Method)
	at sun.reflect.NativeMethodAccessorImpl.invoke(NativeMethodAccessorImpl.java:57)
	at sun.reflect.DelegatingMethodAccessorImpl.invoke(DelegatingMethodAccessorImpl.java:43)
	at java.lang.reflect.Method.invoke(Method.java:606)
	at org.testng.internal.MethodInvocationHelper.invokeMethod(MethodInvocationHelper.java:84)
	at org.testng.internal.Invoker.invokeConfigurationMethod(Invoker.java:564)
	at org.testng.internal.Invoker.invokeConfigurations(Invoker.java:213)
	at org.testng.internal.Invoker.invokeConfigurations(Invoker.java:138)
	at org.testng.SuiteRunner.privateRun(SuiteRunner.java:277)
	at org.testng.SuiteRunner.run(SuiteRunner.java:240)
	at org.testng.SuiteRunnerWorker.runSuite(SuiteRunnerWorker.java:52)
	at org.testng.SuiteRunnerWorker.run(SuiteRunnerWorker.java:86)
	at org.testng.TestNG.runSuitesSequentially(TestNG.java:1224)
	at org.testng.TestNG.runSuitesLocally(TestNG.java:1149)
	at org.testng.TestNG.run(TestNG.java:1057)
	at org.testng.remote.RemoteTestNG.run(RemoteTestNG.java:111)
	at org.testng.remote.RemoteTestNG.initAndRun(RemoteTestNG.java:204)
	at org.testng.remote.RemoteTestNG.main(RemoteTestNG.java:175)
]]>
    </failure>
  </testcase> <!-- testGetRows -->
  <testcase name="testConstructor" time="0.000" classname="com.stratio.ssandreta.test.CassandraResultSetTest">
    <failure type="java.lang.NoSuchMethodError" message="org.yaml.snakeyaml.constructor.Constructor.setPropertyUtils(Lorg/yaml/snakeyaml/introspector/PropertyUtils;)V">
      <![CDATA[java.lang.NoSuchMethodError: org.yaml.snakeyaml.constructor.Constructor.setPropertyUtils(Lorg/yaml/snakeyaml/introspector/PropertyUtils;)V
	at org.apache.cassandra.config.YamlConfigurationLoader.loadConfig(YamlConfigurationLoader.java:91)
	at org.apache.cassandra.config.DatabaseDescriptor.loadConfig(DatabaseDescriptor.java:134)
	at org.apache.cassandra.config.DatabaseDescriptor.<clinit>(DatabaseDescriptor.java:110)
	at com.stratio.ssandreta.EmbeddedServerHelper.mkdirs(EmbeddedServerHelper.java:165)
	at com.stratio.ssandreta.EmbeddedServerHelper.cleanupAndLeaveDirs(EmbeddedServerHelper.java:135)
	at com.stratio.ssandreta.EmbeddedServerHelper.setup(EmbeddedServerHelper.java:63)
	at com.stratio.ssandreta.BaseMetaTest.setup(BaseMetaTest.java:20)
	at sun.reflect.NativeMethodAccessorImpl.invoke0(Native Method)
	at sun.reflect.NativeMethodAccessorImpl.invoke(NativeMethodAccessorImpl.java:57)
	at sun.reflect.DelegatingMethodAccessorImpl.invoke(DelegatingMethodAccessorImpl.java:43)
	at java.lang.reflect.Method.invoke(Method.java:606)
	at org.testng.internal.MethodInvocationHelper.invokeMethod(MethodInvocationHelper.java:84)
	at org.testng.internal.Invoker.invokeConfigurationMethod(Invoker.java:564)
	at org.testng.internal.Invoker.invokeConfigurations(Invoker.java:213)
	at org.testng.internal.Invoker.invokeConfigurations(Invoker.java:138)
	at org.testng.SuiteRunner.privateRun(SuiteRunner.java:277)
	at org.testng.SuiteRunner.run(SuiteRunner.java:240)
	at org.testng.SuiteRunnerWorker.runSuite(SuiteRunnerWorker.java:52)
	at org.testng.SuiteRunnerWorker.run(SuiteRunnerWorker.java:86)
	at org.testng.TestNG.runSuitesSequentially(TestNG.java:1224)
	at org.testng.TestNG.runSuitesLocally(TestNG.java:1149)
	at org.testng.TestNG.run(TestNG.java:1057)
	at org.testng.remote.RemoteTestNG.run(RemoteTestNG.java:111)
	at org.testng.remote.RemoteTestNG.initAndRun(RemoteTestNG.java:204)
	at org.testng.remote.RemoteTestNG.main(RemoteTestNG.java:175)
]]>
    </failure>
  </testcase> <!-- testConstructor -->
  <testcase name="testColDefs" time="0.001" classname="com.stratio.ssandreta.test.CassandraResultSetTest">
    <failure type="java.lang.NoSuchMethodError" message="org.yaml.snakeyaml.constructor.Constructor.setPropertyUtils(Lorg/yaml/snakeyaml/introspector/PropertyUtils;)V">
      <![CDATA[java.lang.NoSuchMethodError: org.yaml.snakeyaml.constructor.Constructor.setPropertyUtils(Lorg/yaml/snakeyaml/introspector/PropertyUtils;)V
	at org.apache.cassandra.config.YamlConfigurationLoader.loadConfig(YamlConfigurationLoader.java:91)
	at org.apache.cassandra.config.DatabaseDescriptor.loadConfig(DatabaseDescriptor.java:134)
	at org.apache.cassandra.config.DatabaseDescriptor.<clinit>(DatabaseDescriptor.java:110)
	at com.stratio.ssandreta.EmbeddedServerHelper.mkdirs(EmbeddedServerHelper.java:165)
	at com.stratio.ssandreta.EmbeddedServerHelper.cleanupAndLeaveDirs(EmbeddedServerHelper.java:135)
	at com.stratio.ssandreta.EmbeddedServerHelper.setup(EmbeddedServerHelper.java:63)
	at com.stratio.ssandreta.BaseMetaTest.setup(BaseMetaTest.java:20)
	at sun.reflect.NativeMethodAccessorImpl.invoke0(Native Method)
	at sun.reflect.NativeMethodAccessorImpl.invoke(NativeMethodAccessorImpl.java:57)
	at sun.reflect.DelegatingMethodAccessorImpl.invoke(DelegatingMethodAccessorImpl.java:43)
	at java.lang.reflect.Method.invoke(Method.java:606)
	at org.testng.internal.MethodInvocationHelper.invokeMethod(MethodInvocationHelper.java:84)
	at org.testng.internal.Invoker.invokeConfigurationMethod(Invoker.java:564)
	at org.testng.internal.Invoker.invokeConfigurations(Invoker.java:213)
	at org.testng.internal.Invoker.invokeConfigurations(Invoker.java:138)
	at org.testng.SuiteRunner.privateRun(SuiteRunner.java:277)
	at org.testng.SuiteRunner.run(SuiteRunner.java:240)
	at org.testng.SuiteRunnerWorker.runSuite(SuiteRunnerWorker.java:52)
	at org.testng.SuiteRunnerWorker.run(SuiteRunnerWorker.java:86)
	at org.testng.TestNG.runSuitesSequentially(TestNG.java:1224)
	at org.testng.TestNG.runSuitesLocally(TestNG.java:1149)
	at org.testng.TestNG.run(TestNG.java:1057)
	at org.testng.remote.RemoteTestNG.run(RemoteTestNG.java:111)
	at org.testng.remote.RemoteTestNG.initAndRun(RemoteTestNG.java:204)
	at org.testng.remote.RemoteTestNG.main(RemoteTestNG.java:175)
]]>
    </failure>
  </testcase> <!-- testColDefs -->
</testsuite> <!-- com.stratio.ssandreta.test.CassandraResultSetTest -->
